#
# A fatal error has been detected by the Java Runtime Environment:
#
#  EXCEPTION_ACCESS_VIOLATION (0xc0000005) at pc=0x000000005689d690, pid=9488, tid=0x0000000000002edc
#
# JRE version: OpenJDK Runtime Environment (8.0_152-b01) (build 1.8.0_152-release-1343-b01)
# Java VM: OpenJDK 64-Bit Server VM (25.152-b01 mixed mode windows-amd64 compressed oops)
# Problematic frame:
# V  [jvm.dll+0x46d690]
#
# Failed to write core dump. Minidumps are not enabled by default on client versions of Windows
#
# If you would like to submit a bug report, please visit:
#   http://bugreport.java.com/bugreport/crash.jsp
#

---------------  T H R E A D  ---------------

Current thread (0x00000000186fd800):  JavaThread "C2 CompilerThread0" daemon [_thread_in_native, id=11996, stack(0x0000000018ed0000,0x0000000018fd0000)]

siginfo: ExceptionCode=0xc0000005, reading address 0x00000000560061c0

Registers:
RAX=0x0000000000000000, RBX=0x000000002763b350, RCX=0x00000000560061c0, RDX=0x0000000000000000
RSP=0x0000000018fcc340, RBP=0x000000000000001b, RSI=0x00000000000000d8, RDI=0x0000000018fcc390
R8 =0x0000000002000000, R9 =0x00000000265f9d40, R10=0x0000000056430000, R11=0x00000000000000c9
R12=0x0000000056bf61c0, R13=0x0000000056430000, R14=0x0000000056430000, R15=0x0000000000000000
RIP=0x000000005689d690, EFLAGS=0x0000000000010246

Top of Stack: (sp=0x0000000018fcc340)
0x0000000018fcc340:   0000000000000383 0000000056862154
0x0000000018fcc350:   0000000018fcc7f0 0000000018fcc7f0
0x0000000018fcc360:   0000000000000cb9 0000000056898ae0
0x0000000018fcc370:   000000002763abd0 000000002763b350
0x0000000018fcc380:   0000000018fcc7f0 0000000018fcc500
0x0000000018fcc390:   00000cbd00000000 0000000000000006
0x0000000018fcc3a0:   00000000560061c0 000000000000000d
0x0000000018fcc3b0:   0000000021670228 0000000000000029
0x0000000018fcc3c0:   000000002763b3f0 00000000207d4ab8
0x0000000018fcc3d0:   000000000000752f ffffffffffffffff
0x0000000018fcc3e0:   0000000000000002 0000000056863144
0x0000000018fcc3f0:   00000000277c0140 0000000018fcc7f0
0x0000000018fcc400:   0000000000000cb9 000000000007f300
0x0000000018fcc410:   00000cbc00000000 0000000000000008
0x0000000018fcc420:   00000000265f9d40 0000000000000029
0x0000000018fcc430:   00000000216700e0 0000000000000029 

Instructions: (pc=0x000000005689d690)
0x000000005689d670:   48 8b 4f 20 48 39 04 0e 0f 84 9d 00 00 00 48 8b
0x000000005689d680:   0c 0e 33 d2 33 c0 48 89 4f 10 66 0f 1f 44 00 00
0x000000005689d690:   83 3c 08 00 0f 85 36 01 00 00 ff c2 48 83 c0 04
0x000000005689d6a0:   83 fa 08 72 eb 48 8b 47 30 48 89 44 24 30 48 85 


Register to memory mapping:

RAX=0x0000000000000000 is an unknown value
RBX=0x000000002763b350 is an unknown value
RCX=0x00000000560061c0 is an unknown value
RDX=0x0000000000000000 is an unknown value
RSP=0x0000000018fcc340 is pointing into the stack for thread: 0x00000000186fd800
RBP=0x000000000000001b is an unknown value
RSI=0x00000000000000d8 is an unknown value
RDI=0x0000000018fcc390 is pointing into the stack for thread: 0x00000000186fd800
R8 =0x0000000002000000 is an unknown value
R9 =0x00000000265f9d40 is an unknown value
R10=0x0000000056430000 is an unknown value
R11=0x00000000000000c9 is an unknown value
R12=0x0000000056bf61c0 is an unknown value
R13=0x0000000056430000 is an unknown value
R14=0x0000000056430000 is an unknown value
R15=0x0000000000000000 is an unknown value


Stack: [0x0000000018ed0000,0x0000000018fd0000],  sp=0x0000000018fcc340,  free space=1008k
Native frames: (J=compiled Java code, j=interpreted, Vv=VM code, C=native code)
V  [jvm.dll+0x46d690]
V  [jvm.dll+0x468ae0]
V  [jvm.dll+0x433144]
V  [jvm.dll+0x434e33]
V  [jvm.dll+0x43f99b]
V  [jvm.dll+0x44226e]
V  [jvm.dll+0x4252c2]
V  [jvm.dll+0x813d8]
V  [jvm.dll+0x81d0f]
V  [jvm.dll+0x21d41f]
V  [jvm.dll+0x26d9aa]
C  [msvcr100.dll+0x21d9f]
C  [msvcr100.dll+0x21e3b]
C  [KERNEL32.DLL+0x17bd4]
C  [ntdll.dll+0x6ce71]


Current CompileTask:
C2:2253362 19867       4       org.gradle.api.internal.changedetection.state.CachingFileHasher::snapshot (114 bytes)


---------------  P R O C E S S  ---------------

Java Threads: ( => current thread )
  0x000000001e191000 JavaThread "Cache worker for execution history cache (C:\Users\error code 10\AndroidStudioProjects\Kalkulator\.gradle\5.1.1\executionHistory)" [_thread_blocked, id=16140, stack(0x0000000027390000,0x0000000027490000)]
  0x000000001e190800 JavaThread "Execution worker for ':' Thread 7" [_thread_blocked, id=11420, stack(0x0000000027290000,0x0000000027390000)]
  0x000000001e192800 JavaThread "Execution worker for ':' Thread 6" [_thread_blocked, id=11492, stack(0x0000000027190000,0x0000000027290000)]
  0x000000001e18f800 JavaThread "Execution worker for ':' Thread 5" [_thread_in_Java, id=4820, stack(0x0000000027090000,0x0000000027190000)]
  0x000000001e188000 JavaThread "Execution worker for ':' Thread 4" [_thread_blocked, id=8584, stack(0x0000000026e90000,0x0000000026f90000)]
  0x000000001e18a800 JavaThread "Execution worker for ':' Thread 3" [_thread_blocked, id=6120, stack(0x0000000026d90000,0x0000000026e90000)]
  0x000000001e18f000 JavaThread "Execution worker for ':' Thread 2" [_thread_blocked, id=15652, stack(0x0000000026c90000,0x0000000026d90000)]
  0x000000001e187800 JavaThread "Execution worker for ':'" [_thread_blocked, id=5316, stack(0x00000000259c0000,0x0000000025ac0000)]
  0x000000001e189800 JavaThread "Cache worker for file content cache (C:\Users\error code 10\AndroidStudioProjects\Kalkulator\.gradle\5.1.1\fileContent)" [_thread_blocked, id=6512, stack(0x00000000255c0000,0x00000000256c0000)]
  0x000000001e18b000 JavaThread "Cache worker for Build Output Cleanup Cache (C:\Users\error code 10\AndroidStudioProjects\Kalkulator\.gradle\buildOutputCleanup)" [_thread_blocked, id=8156, stack(0x00000000254c0000,0x00000000255c0000)]
  0x000000001e18d800 JavaThread "pool-6-thread-1" [_thread_blocked, id=12636, stack(0x00000000251c0000,0x00000000252c0000)]
  0x000000001e186000 JavaThread "Build operations Thread 8" [_thread_blocked, id=12368, stack(0x00000000230c0000,0x00000000231c0000)]
  0x000000001e186800 JavaThread "Build operations Thread 7" [_thread_blocked, id=11852, stack(0x0000000022fc0000,0x00000000230c0000)]
  0x000000001e18c800 JavaThread "Build operations Thread 6" [_thread_blocked, id=8336, stack(0x0000000022ec0000,0x0000000022fc0000)]
  0x000000001b4f0000 JavaThread "Build operations Thread 5" [_thread_blocked, id=6788, stack(0x0000000022dc0000,0x0000000022ec0000)]
  0x000000001b4f1800 JavaThread "Build operations Thread 4" [_thread_blocked, id=6992, stack(0x0000000022cc0000,0x0000000022dc0000)]
  0x000000001b4f0800 JavaThread "Build operations Thread 3" [_thread_blocked, id=6836, stack(0x0000000022bc0000,0x0000000022cc0000)]
  0x000000001b4ee800 JavaThread "Build operations Thread 2" [_thread_blocked, id=12304, stack(0x0000000022620000,0x0000000022720000)]
  0x000000001b4e6800 JavaThread "Build operations" [_thread_blocked, id=16084, stack(0x0000000022520000,0x0000000022620000)]
  0x000000001b4ea000 JavaThread "Cache worker for cache directory md-rule (C:\Users\error code 10\.gradle\caches\5.1.1\md-rule)" [_thread_blocked, id=12924, stack(0x0000000022420000,0x0000000022520000)]
  0x000000001b4eb800 JavaThread "Cache worker for cache directory md-supplier (C:\Users\error code 10\.gradle\caches\5.1.1\md-supplier)" [_thread_blocked, id=12492, stack(0x000000001f9a0000,0x000000001faa0000)]
  0x000000001b4ed000 JavaThread "Cache worker for file hash cache (C:\Users\error code 10\AndroidStudioProjects\Kalkulator\.gradle\5.1.1\fileHashes)" [_thread_blocked, id=9756, stack(0x000000001f5d0000,0x000000001f6d0000)]
  0x000000001b4e7800 JavaThread "Thread-69" [_thread_blocked, id=14796, stack(0x000000001e300000,0x000000001e400000)]
  0x000000001b4ea800 JavaThread "Stdin handler" [_thread_blocked, id=5076, stack(0x000000001cd30000,0x000000001ce30000)]
  0x000000001b4ed800 JavaThread "Asynchronous log dispatcher for DefaultDaemonConnection: socket connection from /127.0.0.1:49867 to /127.0.0.1:50180" [_thread_blocked, id=14660, stack(0x000000001ca30000,0x000000001cb30000)]
  0x000000001b4e3000 JavaThread "Daemon worker Thread 3" [_thread_blocked, id=9400, stack(0x000000001c930000,0x000000001ca30000)]
  0x000000001b4e9000 JavaThread "Cancel handler" [_thread_blocked, id=7924, stack(0x000000001c630000,0x000000001c730000)]
  0x000000001b4e5000 JavaThread "Handler for socket connection from /127.0.0.1:49867 to /127.0.0.1:50180" [_thread_in_native, id=268, stack(0x000000001c530000,0x000000001c630000)]
  0x000000001b4e4800 JavaThread "Daemon Thread 3" [_thread_blocked, id=3008, stack(0x0000000000d90000,0x0000000000e90000)]
  0x000000001e193800 JavaThread "Cache worker for Java compile cache (C:\Users\error code 10\.gradle\caches\5.1.1\javaCompile)" [_thread_blocked, id=11556, stack(0x0000000026f90000,0x0000000027090000)]
  0x000000001efc8000 JavaThread "Cache worker for file content cache (C:\Users\error code 10\.gradle\caches\5.1.1\fileContent)" [_thread_blocked, id=15024, stack(0x00000000239c0000,0x0000000023ac0000)]
  0x000000001b4ef000 JavaThread "Memory manager" [_thread_blocked, id=8104, stack(0x0000000024ac0000,0x0000000024bc0000)]
  0x000000001b4e6000 JavaThread "Cache worker for execution history cache (C:\Users\error code 10\.gradle\caches\5.1.1\executionHistory)" [_thread_blocked, id=4292, stack(0x0000000021150000,0x0000000021250000)]
  0x000000001ae45800 JavaThread "Cache worker for journal cache (C:\Users\error code 10\.gradle\caches\journal-1)" [_thread_blocked, id=13920, stack(0x000000001d030000,0x000000001d130000)]
  0x000000001ae42800 JavaThread "File lock request listener" [_thread_in_native, id=1808, stack(0x000000001cf30000,0x000000001d030000)]
  0x000000001ae44000 JavaThread "Cache worker for file hash cache (C:\Users\error code 10\.gradle\caches\5.1.1\fileHashes)" [_thread_blocked, id=7984, stack(0x000000001ce30000,0x000000001cf30000)]
  0x000000001a4e9000 JavaThread "Daemon periodic checks" [_thread_blocked, id=10024, stack(0x000000001c430000,0x000000001c530000)]
  0x000000001a8d8800 JavaThread "Incoming local TCP Connector on port 49867" [_thread_in_native, id=12840, stack(0x000000001c1f0000,0x000000001c2f0000)]
  0x000000001878a800 JavaThread "Service Thread" daemon [_thread_blocked, id=10912, stack(0x00000000192d0000,0x00000000193d0000)]
  0x00000000167fc800 JavaThread "C1 CompilerThread3" daemon [_thread_in_native, id=8800, stack(0x00000000191d0000,0x00000000192d0000)]
  0x0000000018706000 JavaThread "C2 CompilerThread2" daemon [_thread_in_native, id=2744, stack(0x00000000190d0000,0x00000000191d0000)]
  0x0000000018703000 JavaThread "C2 CompilerThread1" daemon [_thread_in_native, id=6792, stack(0x0000000018fd0000,0x00000000190d0000)]
=>0x00000000186fd800 JavaThread "C2 CompilerThread0" daemon [_thread_in_native, id=11996, stack(0x0000000018ed0000,0x0000000018fd0000)]
  0x00000000186fa800 JavaThread "Attach Listener" daemon [_thread_blocked, id=11988, stack(0x0000000018dd0000,0x0000000018ed0000)]
  0x00000000186f9000 JavaThread "Signal Dispatcher" daemon [_thread_blocked, id=12808, stack(0x0000000018cd0000,0x0000000018dd0000)]
  0x00000000186f0800 JavaThread "Finalizer" daemon [_thread_blocked, id=8732, stack(0x0000000018ad0000,0x0000000018bd0000)]
  0x0000000002a24000 JavaThread "Reference Handler" daemon [_thread_blocked, id=14284, stack(0x00000000185d0000,0x00000000186d0000)]
  0x0000000000b3e000 JavaThread "main" [_thread_blocked, id=11640, stack(0x0000000002830000,0x0000000002930000)]

Other Threads:
  0x00000000167e6800 VMThread [stack: 0x00000000184d0000,0x00000000185d0000] [id=11404]
  0x000000001871f800 WatcherThread [stack: 0x00000000193d0000,0x00000000194d0000] [id=8832]

VM state:not at safepoint (normal execution)

VM Mutex/Monitor currently owned by a thread: None

Heap:
 PSYoungGen      total 315904K, used 138510K [0x00000000e0000000, 0x00000000f9780000, 0x0000000100000000)
  eden space 279552K, 49% used [0x00000000e0000000,0x00000000e8743ac0,0x00000000f1100000)
  from space 36352K, 0% used [0x00000000f1100000,0x00000000f1100000,0x00000000f3480000)
  to   space 36864K, 0% used [0x00000000f7380000,0x00000000f7380000,0x00000000f9780000)
 ParOldGen       total 361984K, used 38052K [0x00000000a0000000, 0x00000000b6180000, 0x00000000e0000000)
  object space 361984K, 10% used [0x00000000a0000000,0x00000000a25292d0,0x00000000b6180000)
 Metaspace       used 94367K, capacity 97896K, committed 99328K, reserved 1136640K
  class space    used 11868K, capacity 12556K, committed 12800K, reserved 1048576K

Card table byte_map: [0x0000000011df0000,0x0000000012100000] byte_map_base: 0x00000000118f0000

Marking Bits: (ParMarkBitMap*) 0x0000000056bf5aa0
 Begin Bits: [0x0000000012b00000, 0x0000000014300000)
 End Bits:   [0x0000000014300000, 0x0000000015b00000)

Polling page: 0x0000000000b00000

CodeCache: size=245760Kb used=50950Kb max_used=50954Kb free=194809Kb
 bounds [0x0000000002a30000, 0x0000000005c40000, 0x0000000011a30000]
 total_blobs=17196 nmethods=16306 adapters=800
 compilation: enabled

Compilation events (10 events):
Event: 2253.205 Thread 0x00000000167fc800 nmethod 20046 0x0000000005c08e90 code [0x0000000005c093e0, 0x0000000005c0cc68]
Event: 2253.224 Thread 0x00000000167fc800 20047   !   2       java.nio.file.Files::list (66 bytes)
Event: 2253.225 Thread 0x00000000167fc800 nmethod 20047 0x0000000005c0ecd0 code [0x0000000005c0eec0, 0x0000000005c0f468]
Event: 2253.225 Thread 0x00000000167fc800 20048       2       java.nio.file.Files$2::<init> (10 bytes)
Event: 2253.225 Thread 0x00000000167fc800 nmethod 20048 0x0000000005c0fa50 code [0x0000000005c0fba0, 0x0000000005c0fd10]
Event: 2253.271 Thread 0x00000000167fc800 20049       2       java.util.Spliterators$1Adapter::hasNext (23 bytes)
Event: 2253.271 Thread 0x00000000167fc800 nmethod 20049 0x0000000005c0fd90 code [0x0000000005c0ff00, 0x0000000005c100a8]
Event: 2253.325 Thread 0x0000000018703000 nmethod 19868 0x0000000005c1b610 code [0x0000000005c1be80, 0x0000000005c244a0]
Event: 2253.325 Thread 0x0000000018703000 20036       4       com.google.gson.stream.JsonReader::nextQuotedValue (196 bytes)
Event: 2253.341 Thread 0x00000000167fc800 20050       2       com.android.ide.common.resources.DataItem::isTouched (15 bytes)

GC Heap History (10 events):
Event: 2069.284 GC heap before
{Heap before GC invocations=31 (full 3):
 PSYoungGen      total 270336K, used 256030K [0x00000000e0000000, 0x00000000f3d80000, 0x0000000100000000)
  eden space 236544K, 100% used [0x00000000e0000000,0x00000000ee700000,0x00000000ee700000)
  from space 33792K, 57% used [0x00000000ee700000,0x00000000efa07920,0x00000000f0800000)
  to   space 32768K, 0% used [0x00000000f1d80000,0x00000000f1d80000,0x00000000f3d80000)
 ParOldGen       total 317440K, used 54787K [0x00000000a0000000, 0x00000000b3600000, 0x00000000e0000000)
  object space 317440K, 17% used [0x00000000a0000000,0x00000000a3580f38,0x00000000b3600000)
 Metaspace       used 90884K, capacity 94622K, committed 94976K, reserved 1132544K
  class space    used 11472K, capacity 12189K, committed 12288K, reserved 1048576K
Event: 2069.297 GC heap after
Heap after GC invocations=31 (full 3):
 PSYoungGen      total 288256K, used 15476K [0x00000000e0000000, 0x00000000f3b00000, 0x0000000100000000)
  eden space 258048K, 0% used [0x00000000e0000000,0x00000000e0000000,0x00000000efc00000)
  from space 30208K, 51% used [0x00000000f1d80000,0x00000000f2c9d3f8,0x00000000f3b00000)
  to   space 32256K, 0% used [0x00000000efc00000,0x00000000efc00000,0x00000000f1b80000)
 ParOldGen       total 317440K, used 55343K [0x00000000a0000000, 0x00000000b3600000, 0x00000000e0000000)
  object space 317440K, 17% used [0x00000000a0000000,0x00000000a360bf58,0x00000000b3600000)
 Metaspace       used 90884K, capacity 94622K, committed 94976K, reserved 1132544K
  class space    used 11472K, capacity 12189K, committed 12288K, reserved 1048576K
}
Event: 2070.266 GC heap before
{Heap before GC invocations=32 (full 3):
 PSYoungGen      total 288256K, used 273524K [0x00000000e0000000, 0x00000000f3b00000, 0x0000000100000000)
  eden space 258048K, 100% used [0x00000000e0000000,0x00000000efc00000,0x00000000efc00000)
  from space 30208K, 51% used [0x00000000f1d80000,0x00000000f2c9d3f8,0x00000000f3b00000)
  to   space 32256K, 0% used [0x00000000efc00000,0x00000000efc00000,0x00000000f1b80000)
 ParOldGen       total 317440K, used 55343K [0x00000000a0000000, 0x00000000b3600000, 0x00000000e0000000)
  object space 317440K, 17% used [0x00000000a0000000,0x00000000a360bf58,0x00000000b3600000)
 Metaspace       used 91507K, capacity 95322K, committed 95488K, reserved 1132544K
  class space    used 11536K, capacity 12275K, committed 12288K, reserved 1048576K
Event: 2070.289 GC heap after
Heap after GC invocations=32 (full 3):
 PSYoungGen      total 290304K, used 32187K [0x00000000e0000000, 0x00000000f5900000, 0x0000000100000000)
  eden space 258048K, 0% used [0x00000000e0000000,0x00000000e0000000,0x00000000efc00000)
  from space 32256K, 99% used [0x00000000efc00000,0x00000000f1b6ec80,0x00000000f1b80000)
  to   space 35328K, 0% used [0x00000000f3680000,0x00000000f3680000,0x00000000f5900000)
 ParOldGen       total 317440K, used 58241K [0x00000000a0000000, 0x00000000b3600000, 0x00000000e0000000)
  object space 317440K, 18% used [0x00000000a0000000,0x00000000a38e0448,0x00000000b3600000)
 Metaspace       used 91507K, capacity 95322K, committed 95488K, reserved 1132544K
  class space    used 11536K, capacity 12275K, committed 12288K, reserved 1048576K
}
Event: 2072.810 GC heap before
{Heap before GC invocations=33 (full 3):
 PSYoungGen      total 290304K, used 290235K [0x00000000e0000000, 0x00000000f5900000, 0x0000000100000000)
  eden space 258048K, 100% used [0x00000000e0000000,0x00000000efc00000,0x00000000efc00000)
  from space 32256K, 99% used [0x00000000efc00000,0x00000000f1b6ec80,0x00000000f1b80000)
  to   space 35328K, 0% used [0x00000000f3680000,0x00000000f3680000,0x00000000f5900000)
 ParOldGen       total 317440K, used 58241K [0x00000000a0000000, 0x00000000b3600000, 0x00000000e0000000)
  object space 317440K, 18% used [0x00000000a0000000,0x00000000a38e0448,0x00000000b3600000)
 Metaspace       used 94105K, capacity 98372K, committed 98496K, reserved 1134592K
  class space    used 11901K, capacity 12718K, committed 12800K, reserved 1048576K
Event: 2072.823 GC heap after
Heap after GC invocations=33 (full 3):
 PSYoungGen      total 313856K, used 8975K [0x00000000e0000000, 0x00000000f5800000, 0x0000000100000000)
  eden space 279552K, 0% used [0x00000000e0000000,0x00000000e0000000,0x00000000f1100000)
  from space 34304K, 26% used [0x00000000f3680000,0x00000000f3f43cb0,0x00000000f5800000)
  to   space 36352K, 0% used [0x00000000f1100000,0x00000000f1100000,0x00000000f3480000)
 ParOldGen       total 317440K, used 61497K [0x00000000a0000000, 0x00000000b3600000, 0x00000000e0000000)
  object space 317440K, 19% used [0x00000000a0000000,0x00000000a3c0e4d0,0x00000000b3600000)
 Metaspace       used 94105K, capacity 98372K, committed 98496K, reserved 1134592K
  class space    used 11901K, capacity 12718K, committed 12800K, reserved 1048576K
}
Event: 2072.830 GC heap before
{Heap before GC invocations=34 (full 3):
 PSYoungGen      total 313856K, used 9443K [0x00000000e0000000, 0x00000000f5800000, 0x0000000100000000)
  eden space 279552K, 0% used [0x00000000e0000000,0x00000000e0074f60,0x00000000f1100000)
  from space 34304K, 26% used [0x00000000f3680000,0x00000000f3f43cb0,0x00000000f5800000)
  to   space 36352K, 0% used [0x00000000f1100000,0x00000000f1100000,0x00000000f3480000)
 ParOldGen       total 317440K, used 61497K [0x00000000a0000000, 0x00000000b3600000, 0x00000000e0000000)
  object space 317440K, 19% used [0x00000000a0000000,0x00000000a3c0e4d0,0x00000000b3600000)
 Metaspace       used 94134K, capacity 98404K, committed 98496K, reserved 1134592K
  class space    used 11907K, capacity 12750K, committed 12800K, reserved 1048576K
Event: 2072.837 GC heap after
Heap after GC invocations=34 (full 3):
 PSYoungGen      total 315904K, used 5871K [0x00000000e0000000, 0x00000000f9780000, 0x0000000100000000)
  eden space 279552K, 0% used [0x00000000e0000000,0x00000000e0000000,0x00000000f1100000)
  from space 36352K, 16% used [0x00000000f1100000,0x00000000f16bbe50,0x00000000f3480000)
  to   space 36864K, 0% used [0x00000000f7380000,0x00000000f7380000,0x00000000f9780000)
 ParOldGen       total 317440K, used 62481K [0x00000000a0000000, 0x00000000b3600000, 0x00000000e0000000)
  object space 317440K, 19% used [0x00000000a0000000,0x00000000a3d044f0,0x00000000b3600000)
 Metaspace       used 94134K, capacity 98404K, committed 98496K, reserved 1134592K
  class space    used 11907K, capacity 12750K, committed 12800K, reserved 1048576K
}
Event: 2072.837 GC heap before
{Heap before GC invocations=35 (full 4):
 PSYoungGen      total 315904K, used 5871K [0x00000000e0000000, 0x00000000f9780000, 0x0000000100000000)
  eden space 279552K, 0% used [0x00000000e0000000,0x00000000e0000000,0x00000000f1100000)
  from space 36352K, 16% used [0x00000000f1100000,0x00000000f16bbe50,0x00000000f3480000)
  to   space 36864K, 0% used [0x00000000f7380000,0x00000000f7380000,0x00000000f9780000)
 ParOldGen       total 317440K, used 62481K [0x00000000a0000000, 0x00000000b3600000, 0x00000000e0000000)
  object space 317440K, 19% used [0x00000000a0000000,0x00000000a3d044f0,0x00000000b3600000)
 Metaspace       used 94134K, capacity 98404K, committed 98496K, reserved 1134592K
  class space    used 11907K, capacity 12750K, committed 12800K, reserved 1048576K
Event: 2072.997 GC heap after
Heap after GC invocations=35 (full 4):
 PSYoungGen      total 315904K, used 0K [0x00000000e0000000, 0x00000000f9780000, 0x0000000100000000)
  eden space 279552K, 0% used [0x00000000e0000000,0x00000000e0000000,0x00000000f1100000)
  from space 36352K, 0% used [0x00000000f1100000,0x00000000f1100000,0x00000000f3480000)
  to   space 36864K, 0% used [0x00000000f7380000,0x00000000f7380000,0x00000000f9780000)
 ParOldGen       total 361984K, used 38052K [0x00000000a0000000, 0x00000000b6180000, 0x00000000e0000000)
  object space 361984K, 10% used [0x00000000a0000000,0x00000000a25292d0,0x00000000b6180000)
 Metaspace       used 93214K, capacity 96572K, committed 98496K, reserved 1134592K
  class space    used 11717K, capacity 12408K, committed 12800K, reserved 1048576K
}

Deoptimization events (10 events):
Event: 2252.968 Thread 0x000000001e18f800 Uncommon trap: reason=class_check action=maybe_recompile pc=0x0000000004907070 method=com.sun.org.apache.xerces.internal.impl.XMLNSDocumentScannerImpl.scanStartElement()Z @ 953
Event: 2252.968 Thread 0x000000001e18f800 Uncommon trap: reason=class_check action=maybe_recompile pc=0x0000000004905c1c method=com.sun.org.apache.xerces.internal.impl.XMLNSDocumentScannerImpl.scanStartElement()Z @ 1016
Event: 2252.974 Thread 0x000000001e18f800 Uncommon trap: reason=unstable_if action=reinterpret pc=0x00000000046ed050 method=com.sun.org.apache.xerces.internal.impl.XMLDocumentFragmentScannerImpl$FragmentContentDriver.next()I @ 823
Event: 2252.978 Thread 0x000000001e18f800 Uncommon trap: reason=unstable_if action=reinterpret pc=0x00000000044c0e6c method=com.sun.org.apache.xerces.internal.impl.XMLEntityScanner.scanContent(Lcom/sun/org/apache/xerces/internal/xni/XMLString;)I @ 418
Event: 2252.985 Thread 0x000000001e18f800 Uncommon trap: reason=unstable_if action=reinterpret pc=0x000000000479015c method=com.sun.org.apache.xerces.internal.impl.XMLEntityScanner.arrangeCapacity(IZ)Z @ 59
Event: 2253.005 Thread 0x000000001e18f800 Uncommon trap: reason=bimorphic action=maybe_recompile pc=0x00000000048feec8 method=com.sun.org.apache.xerces.internal.dom.AttributeMap.setNamedItem(Lorg/w3c/dom/Node;)Lorg/w3c/dom/Node; @ 43
Event: 2253.005 Thread 0x000000001e18f800 Uncommon trap: reason=bimorphic action=maybe_recompile pc=0x00000000048feec8 method=com.sun.org.apache.xerces.internal.dom.AttributeMap.setNamedItem(Lorg/w3c/dom/Node;)Lorg/w3c/dom/Node; @ 43
Event: 2253.005 Thread 0x000000001e18f800 Uncommon trap: reason=unstable_if action=reinterpret pc=0x00000000039d9578 method=com.sun.org.apache.xerces.internal.dom.DeferredDocumentImpl.clearChunkValue([[Ljava/lang/Object;II)Ljava/lang/String; @ 3
Event: 2253.021 Thread 0x000000001e18f800 Uncommon trap: reason=unstable_if action=reinterpret pc=0x00000000039b4b04 method=com.sun.org.apache.xerces.internal.dom.DeferredDocumentImpl.getChunkIndex([[III)I @ 3
Event: 2253.210 Thread 0x000000001e18f800 Uncommon trap: reason=bimorphic action=maybe_recompile pc=0x0000000004a47274 method=java.util.Spliterators$IteratorSpliterator.tryAdvance(Ljava/util/function/Consumer;)Z @ 50

Classes redefined (0 events):
No events

Internal exceptions (10 events):
Event: 2252.303 Thread 0x000000001b4e3000 Exception <a 'sun/nio/fs/WindowsException'> (0x00000000e3422888) thrown at [D:\src\AOSP-openjdk-cygwin\jdk8u\hotspot\src\share\vm\prims\jni.cpp, line 709]
Event: 2252.303 Thread 0x000000001b4e3000 Exception <a 'sun/nio/fs/WindowsException'> (0x00000000e3424940) thrown at [D:\src\AOSP-openjdk-cygwin\jdk8u\hotspot\src\share\vm\prims\jni.cpp, line 709]
Event: 2252.303 Thread 0x000000001b4e3000 Exception <a 'sun/nio/fs/WindowsException'> (0x00000000e3425618) thrown at [D:\src\AOSP-openjdk-cygwin\jdk8u\hotspot\src\share\vm\prims\jni.cpp, line 709]
Event: 2252.304 Thread 0x000000001b4e3000 Exception <a 'sun/nio/fs/WindowsException'> (0x00000000e3428290) thrown at [D:\src\AOSP-openjdk-cygwin\jdk8u\hotspot\src\share\vm\prims\jni.cpp, line 709]
Event: 2252.304 Thread 0x000000001b4e3000 Exception <a 'sun/nio/fs/WindowsException'> (0x00000000e3428fa8) thrown at [D:\src\AOSP-openjdk-cygwin\jdk8u\hotspot\src\share\vm\prims\jni.cpp, line 709]
Event: 2252.304 Thread 0x000000001b4e3000 Exception <a 'sun/nio/fs/WindowsException'> (0x00000000e342b0d8) thrown at [D:\src\AOSP-openjdk-cygwin\jdk8u\hotspot\src\share\vm\prims\jni.cpp, line 709]
Event: 2252.304 Thread 0x000000001b4e3000 Exception <a 'sun/nio/fs/WindowsException'> (0x00000000e342c010) thrown at [D:\src\AOSP-openjdk-cygwin\jdk8u\hotspot\src\share\vm\prims\jni.cpp, line 709]
Event: 2252.964 Thread 0x000000001e18f800 Implicit null exception at 0x0000000003cca908 to 0x0000000003ccd17f
Event: 2253.005 Thread 0x000000001e18f800 Implicit null exception at 0x00000000039d93de to 0x00000000039d9561
Event: 2253.021 Thread 0x000000001e18f800 Implicit null exception at 0x00000000039b4a9a to 0x00000000039b4aed

Events (10 events):
Event: 2253.124 Thread 0x000000001e18f800 DEOPT UNPACKING pc=0x0000000002a775d0 sp=0x000000002718c0b8 mode 0
Event: 2253.124 Thread 0x000000001e18f800 DEOPT PACKING pc=0x0000000002b81aa2 sp=0x000000002718c350
Event: 2253.124 Thread 0x000000001e18f800 DEOPT UNPACKING pc=0x0000000002a775d0 sp=0x000000002718c0b8 mode 0
Event: 2253.136 loading class com/android/ide/common/resources/MergedResourceWriter$1
Event: 2253.136 loading class com/android/ide/common/resources/MergedResourceWriter$1 done
Event: 2253.138 loading class com/android/ide/common/blame/SourceFileJsonTypeAdapter$1
Event: 2253.138 loading class com/android/ide/common/blame/SourceFileJsonTypeAdapter$1 done
Event: 2253.210 Thread 0x000000001e18f800 Uncommon trap: trap_request=0xffffffc6 fr.pc=0x0000000004a47274
Event: 2253.210 Thread 0x000000001e18f800 DEOPT PACKING pc=0x0000000004a47274 sp=0x000000002718bf40
Event: 2253.210 Thread 0x000000001e18f800 DEOPT UNPACKING pc=0x0000000002a7557b sp=0x000000002718be98 mode 2


Dynamic libraries:
0x00007ff7b08d0000 - 0x00007ff7b0901000 	C:\Program Files\Android\Android Studio\jre\bin\java.exe
0x00007ffe0f640000 - 0x00007ffe0f830000 	C:\WINDOWS\SYSTEM32\ntdll.dll
0x00007ffe0e090000 - 0x00007ffe0e142000 	C:\WINDOWS\System32\KERNEL32.DLL
0x00007ffe0c5d0000 - 0x00007ffe0c873000 	C:\WINDOWS\System32\KERNELBASE.dll
0x00007ffe0df60000 - 0x00007ffe0e003000 	C:\WINDOWS\System32\ADVAPI32.dll
0x00007ffe0e200000 - 0x00007ffe0e29e000 	C:\WINDOWS\System32\msvcrt.dll
0x00007ffe0e2a0000 - 0x00007ffe0e337000 	C:\WINDOWS\System32\sechost.dll
0x00007ffe0eda0000 - 0x00007ffe0eec0000 	C:\WINDOWS\System32\RPCRT4.dll
0x00007ffe0e520000 - 0x00007ffe0e6b3000 	C:\WINDOWS\System32\USER32.dll
0x00007ffe0cc10000 - 0x00007ffe0cc31000 	C:\WINDOWS\System32\win32u.dll
0x00007ffe0d900000 - 0x00007ffe0d926000 	C:\WINDOWS\System32\GDI32.dll
0x00007ffe0cc40000 - 0x00007ffe0cdd4000 	C:\WINDOWS\System32\gdi32full.dll
0x00007ffe0d660000 - 0x00007ffe0d6fe000 	C:\WINDOWS\System32\msvcp_win.dll
0x00007ffe0c960000 - 0x00007ffe0ca5a000 	C:\WINDOWS\System32\ucrtbase.dll
0x00007ffdf92a0000 - 0x00007ffdf9525000 	C:\WINDOWS\WinSxS\amd64_microsoft.windows.common-controls_6595b64144ccf1df_6.0.18362.175_none_e6c3ab1f131014c9\COMCTL32.dll
0x00007ffe0e8b0000 - 0x00007ffe0ebe6000 	C:\WINDOWS\System32\combase.dll
0x00007ffe0c880000 - 0x00007ffe0c901000 	C:\WINDOWS\System32\bcryptPrimitives.dll
0x00007ffe0e870000 - 0x00007ffe0e89e000 	C:\WINDOWS\System32\IMM32.DLL
0x0000000056350000 - 0x0000000056422000 	C:\Program Files\Android\Android Studio\jre\jre\bin\msvcr100.dll
0x0000000056430000 - 0x0000000056c71000 	C:\Program Files\Android\Android Studio\jre\jre\bin\server\jvm.dll
0x00007ffe0e8a0000 - 0x00007ffe0e8a8000 	C:\WINDOWS\System32\PSAPI.DLL
0x00007ffe09200000 - 0x00007ffe09224000 	C:\WINDOWS\SYSTEM32\WINMM.dll
0x00007ffe050f0000 - 0x00007ffe050fa000 	C:\WINDOWS\SYSTEM32\VERSION.dll
0x00007ffe08750000 - 0x00007ffe08759000 	C:\WINDOWS\SYSTEM32\WSOCK32.dll
0x00007ffe0d720000 - 0x00007ffe0d78f000 	C:\WINDOWS\System32\WS2_32.dll
0x00007ffe091d0000 - 0x00007ffe091fd000 	C:\WINDOWS\SYSTEM32\WINMMBASE.dll
0x00007ffe0c910000 - 0x00007ffe0c95a000 	C:\WINDOWS\System32\cfgmgr32.dll
0x00007ffe06410000 - 0x00007ffe0641f000 	C:\Program Files\Android\Android Studio\jre\jre\bin\verify.dll
0x00007ffdf8310000 - 0x00007ffdf8339000 	C:\Program Files\Android\Android Studio\jre\jre\bin\java.dll
0x00007ffe00f70000 - 0x00007ffe00f86000 	C:\Program Files\Android\Android Studio\jre\jre\bin\zip.dll
0x00007ffe0ef20000 - 0x00007ffe0f600000 	C:\WINDOWS\System32\SHELL32.dll
0x00007ffe0e150000 - 0x00007ffe0e1f9000 	C:\WINDOWS\System32\shcore.dll
0x00007ffe0ce10000 - 0x00007ffe0d58b000 	C:\WINDOWS\System32\windows.storage.dll
0x00007ffe0c590000 - 0x00007ffe0c5af000 	C:\WINDOWS\System32\profapi.dll
0x00007ffe0c540000 - 0x00007ffe0c58a000 	C:\WINDOWS\System32\powrprof.dll
0x00007ffe0c510000 - 0x00007ffe0c520000 	C:\WINDOWS\System32\UMPDC.dll
0x00007ffe0d840000 - 0x00007ffe0d892000 	C:\WINDOWS\System32\shlwapi.dll
0x00007ffe0c5b0000 - 0x00007ffe0c5c1000 	C:\WINDOWS\System32\kernel.appcore.dll
0x00007ffe0d590000 - 0x00007ffe0d5a7000 	C:\WINDOWS\System32\cryptsp.dll
0x00007ffdf3a10000 - 0x00007ffdf3a2a000 	C:\Program Files\Android\Android Studio\jre\jre\bin\net.dll
0x00007ffe0bd80000 - 0x00007ffe0bde7000 	C:\WINDOWS\system32\mswsock.dll
0x00007ffdf39f0000 - 0x00007ffdf3a01000 	C:\Program Files\Android\Android Studio\jre\jre\bin\nio.dll
0x00007ffe05e40000 - 0x00007ffe05e5e000 	C:\Users\error code 10\.gradle\native\25\windows-amd64\native-platform.dll
0x00007ffe002f0000 - 0x00007ffe002fd000 	C:\Program Files\Android\Android Studio\jre\jre\bin\management.dll
0x00007ffe0b940000 - 0x00007ffe0b973000 	C:\WINDOWS\system32\rsaenh.dll
0x00007ffe0cde0000 - 0x00007ffe0ce06000 	C:\WINDOWS\System32\bcrypt.dll
0x00007ffe0c430000 - 0x00007ffe0c455000 	C:\WINDOWS\SYSTEM32\USERENV.dll
0x00007ffe0bf50000 - 0x00007ffe0bf5c000 	C:\WINDOWS\SYSTEM32\CRYPTBASE.dll
0x00007ffe0bae0000 - 0x00007ffe0bb1a000 	C:\WINDOWS\SYSTEM32\IPHLPAPI.DLL
0x00007ffe0da00000 - 0x00007ffe0da08000 	C:\WINDOWS\System32\NSI.dll
0x00007ffe05050000 - 0x00007ffe05066000 	C:\WINDOWS\SYSTEM32\dhcpcsvc6.DLL
0x00007ffe05190000 - 0x00007ffe051ac000 	C:\WINDOWS\SYSTEM32\dhcpcsvc.DLL
0x00007ffe0bb20000 - 0x00007ffe0bbea000 	C:\WINDOWS\SYSTEM32\DNSAPI.dll
0x00007ffe0a7f0000 - 0x00007ffe0a87f000 	C:\WINDOWS\system32\apphelp.dll
0x00007ffdf2120000 - 0x00007ffdf2314000 	C:\WINDOWS\SYSTEM32\dbghelp.dll

VM Arguments:
jvm_args: -Xmx1536m -Dfile.encoding=windows-1252 -Duser.country=US -Duser.language=en -Duser.variant 
java_command: org.gradle.launcher.daemon.bootstrap.GradleDaemon 5.1.1
java_class_path (initial): C:\Users\error code 10\.gradle\wrapper\dists\gradle-5.1.1-all\97z1ksx6lirer3kbvdnh7jtjg\gradle-5.1.1\lib\gradle-launcher-5.1.1.jar
Launcher Type: SUN_STANDARD

Environment Variables:
PATH=C:\WINDOWS\system32;C:\WINDOWS;C:\WINDOWS\System32\Wbem;C:\WINDOWS\System32\WindowsPowerShell\v1.0\;C:\WINDOWS\System32\OpenSSH\;C:\Program Files\Git\cmd;C:\Program Files\Java\jdk-12.0.1\bin;C:\xampp\php;C:\ProgramData\ComposerSetup\bin;C:\Users\error code 10\AppData\Local\Programs\Microsoft VS Code\bin;C:\Users\error code 10\AppData\Roaming\Composer\vendor\bin;C:\Users\error code 10\AppData\Local\Microsoft\WindowsApps
USERNAME=error code 10
OS=Windows_NT
PROCESSOR_IDENTIFIER=Intel64 Family 6 Model 158 Stepping 9, GenuineIntel



---------------  S Y S T E M  ---------------

OS: Windows 10.0 , 64 bit Build 18362 (10.0.18362.86)

CPU:total 8 (initial active 8) (4 cores per cpu, 2 threads per core) family 6 model 158 stepping 9, cmov, cx8, fxsr, mmx, sse, sse2, sse3, ssse3, sse4.1, sse4.2, popcnt, avx, avx2, aes, clmul, erms, 3dnowpref, lzcnt, ht, tsc, tscinvbit, bmi1, bmi2, adx

Memory: 4k page, physical 16659276k(8777792k free), swap 19149644k(9567984k free)

vm_info: OpenJDK 64-Bit Server VM (25.152-b01) for windows-amd64 JRE (1.8.0_152-release-1343-b01), built by "builder" with MS VC++ 10.0 (VS2010)

time: Tue Jun 25 22:36:19 2019
elapsed time: 2253 seconds (0d 0h 37m 33s)

